<?xml version="1.0" encoding="UTF-8"?>
<testng-results ignored="0" total="2" passed="2" failed="0" skipped="0">
  <reporter-output>
  </reporter-output>
  <suite started-at="2023-03-29T12:33:10 BST" name="Default Suite" finished-at="2023-03-29T12:33:12 BST" duration-ms="1637">
    <groups>
    </groups>
    <test started-at="2023-03-29T12:33:10 BST" name="RESTassuredProject2" finished-at="2023-03-29T12:33:12 BST" duration-ms="1637">
      <class name="APITest">
        <test-method signature="test1()[pri:0, instance:APITest@15bb6bea]" started-at="2023-03-29T12:33:10 BST" name="test1" finished-at="2023-03-29T12:33:11 BST" duration-ms="1480" status="PASS">
          <reporter-output>
          </reporter-output>
        </test-method> <!-- test1 -->
        <test-method signature="test2()[pri:0, instance:APITest@15bb6bea]" started-at="2023-03-29T12:33:11 BST" name="test2" finished-at="2023-03-29T12:33:12 BST" duration-ms="124" status="PASS">
          <reporter-output>
          </reporter-output>
        </test-method> <!-- test2 -->
      </class> <!-- APITest -->
    </test> <!-- RESTassuredProject2 -->
  </suite> <!-- Default Suite -->
</testng-results>
